[2025-05-06 22:18:34,177] - [INFO] - ECS client - ECS client run command.
[2025-05-06 22:18:52,077] - [INFO] - ECS client - ECS logout...
[2025-05-06 22:18:52,077] - [INFO] - ECS client - ECS logout...
[2025-05-06 22:19:41,637] - [INFO] - ECS client - ECS client run command.
[2025-05-06 22:19:48,521] - [INFO] - ECS client - ECS logout...
[2025-05-06 22:19:48,521] - [INFO] - ECS client - ECS logout...
[2025-05-06 22:20:04,009] - [INFO] - ECS client - ECS client run command.
[2025-05-06 22:20:04,015] - [INFO] - ECS client - Listing namespaces...
[2025-05-06 22:20:04,015] - [INFO] - ECS client - Listing namespaces...
[2025-05-06 22:20:04,016] - [INFO] - ECS client - ECS logout...
[2025-05-06 22:20:04,016] - [INFO] - ECS client - ECS logout...
[2025-05-07 19:50:11,584] - [INFO] - ECS client - b'<?xml version="1.0" encoding="UTF-8" standalone="yes"?><loggedIn><user>133889366257974364-admin</user></loggedIn>'
[2025-05-07 19:50:12,155] - [INFO] - ECS client - b'<?xml version="1.0" encoding="UTF-8" standalone="yes"?><loggedIn><user>133889366257974364-admin</user></loggedIn>'
[2025-05-07 20:00:52,165] - [INFO] - ECS client - b'<?xml version="1.0" encoding="UTF-8" standalone="yes"?><loggedIn><user>133889366257974364-admin</user></loggedIn>'
[2025-05-07 20:00:52,756] - [INFO] - ECS client - b'<?xml version="1.0" encoding="UTF-8" standalone="yes"?><loggedIn><user>133889366257974364-admin</user></loggedIn>'
[2025-05-07 20:03:55,985] - [INFO] - ECS client - b'<?xml version="1.0" encoding="UTF-8" standalone="yes"?><loggedIn><user>133889366257974364-admin</user></loggedIn>'
[2025-05-07 20:03:56,599] - [INFO] - ECS client - b'<?xml version="1.0" encoding="UTF-8" standalone="yes"?><loggedIn><user>133889366257974364-admin</user></loggedIn>'
[2025-05-07 20:14:46,395] - [INFO] - ECS client - b'<?xml version="1.0" encoding="UTF-8" standalone="yes"?><loggedIn><user>133889366257974364-admin</user></loggedIn>'
[2025-05-07 20:14:46,978] - [INFO] - ECS client - b'<?xml version="1.0" encoding="UTF-8" standalone="yes"?><loggedIn><user>133889366257974364-admin</user></loggedIn>'
[2025-05-07 20:16:42,566] - [INFO] - ECS client - b'<?xml version="1.0" encoding="UTF-8" standalone="yes"?><loggedIn><user>133889366257974364-admin</user></loggedIn>'
[2025-05-07 20:16:43,307] - [INFO] - ECS client - b'<?xml version="1.0" encoding="UTF-8" standalone="yes"?><loggedIn><user>133889366257974364-admin</user></loggedIn>'
[2025-05-07 20:17:48,627] - [INFO] - ECS client - b'<?xml version="1.0" encoding="UTF-8" standalone="yes"?><loggedIn><user>133889366257974364-admin</user></loggedIn>'
[2025-05-07 20:17:49,223] - [INFO] - ECS client - b'<?xml version="1.0" encoding="UTF-8" standalone="yes"?><loggedIn><user>133889366257974364-admin</user></loggedIn>'
[2025-05-07 20:20:16,162] - [INFO] - ECS client - b'<?xml version="1.0" encoding="UTF-8" standalone="yes"?><loggedIn><user>133889366257974364-admin</user></loggedIn>'
[2025-05-07 20:20:16,772] - [INFO] - ECS client - b'<?xml version="1.0" encoding="UTF-8" standalone="yes"?><loggedIn><user>133889366257974364-admin</user></loggedIn>'
[2025-05-07 20:22:57,798] - [INFO] - ECS client - b'<?xml version="1.0" encoding="UTF-8" standalone="yes"?><loggedIn><user>133889366257974364-admin</user></loggedIn>'
[2025-05-07 20:22:58,301] - [INFO] - ECS client - b'<?xml version="1.0" encoding="UTF-8" standalone="yes"?><loggedIn><user>133889366257974364-admin</user></loggedIn>'
[2025-05-07 20:27:49,180] - [INFO] - ECS client - b'<?xml version="1.0" encoding="UTF-8" standalone="yes"?><loggedIn><user>133889366257974364-admin</user></loggedIn>'
[2025-05-07 20:27:49,776] - [INFO] - ECS client - b'<?xml version="1.0" encoding="UTF-8" standalone="yes"?><loggedIn><user>133889366257974364-admin</user></loggedIn>'
[2025-05-07 20:28:22,111] - [INFO] - ECS client - ECS logout...
[2025-05-07 20:28:22,111] - [INFO] - ECS client - ECS logout...
[2025-05-07 20:50:06,902] - [INFO] - ECS client - b'<?xml version="1.0" encoding="UTF-8" standalone="yes"?><loggedIn><user>133889366257974364-admin</user></loggedIn>'
[2025-05-07 20:50:07,589] - [INFO] - ECS client - b'<?xml version="1.0" encoding="UTF-8" standalone="yes"?><loggedIn><user>133889366257974364-admin</user></loggedIn>'
[2025-05-07 20:51:26,786] - [INFO] - ECS client - b'<?xml version="1.0" encoding="UTF-8" standalone="yes"?><loggedIn><user>133889366257974364-admin</user></loggedIn>'
[2025-05-07 20:51:27,412] - [INFO] - ECS client - b'<?xml version="1.0" encoding="UTF-8" standalone="yes"?><loggedIn><user>133889366257974364-admin</user></loggedIn>'
[2025-05-07 20:52:13,213] - [INFO] - ECS client - b'<?xml version="1.0" encoding="UTF-8" standalone="yes"?><loggedIn><user>133889366257974364-admin</user></loggedIn>'
[2025-05-07 20:52:13,885] - [INFO] - ECS client - b'<?xml version="1.0" encoding="UTF-8" standalone="yes"?><loggedIn><user>133889366257974364-admin</user></loggedIn>'
[2025-05-07 20:54:46,027] - [INFO] - ECS client - b'<?xml version="1.0" encoding="UTF-8" standalone="yes"?><loggedIn><user>133889366257974364-admin</user></loggedIn>'
[2025-05-07 20:54:46,658] - [INFO] - ECS client - b'<?xml version="1.0" encoding="UTF-8" standalone="yes"?><loggedIn><user>133889366257974364-admin</user></loggedIn>'
[2025-05-07 20:55:35,355] - [INFO] - ECS client - b'<?xml version="1.0" encoding="UTF-8" standalone="yes"?><loggedIn><user>133889366257974364-admin</user></loggedIn>'
[2025-05-07 20:55:35,909] - [INFO] - ECS client - b'<?xml version="1.0" encoding="UTF-8" standalone="yes"?><loggedIn><user>133889366257974364-admin</user></loggedIn>'
[2025-05-07 20:56:48,404] - [INFO] - ECS client - b'<?xml version="1.0" encoding="UTF-8" standalone="yes"?><loggedIn><user>133889366257974364-admin</user></loggedIn>'
[2025-05-07 20:56:48,992] - [INFO] - ECS client - b'<?xml version="1.0" encoding="UTF-8" standalone="yes"?><loggedIn><user>133889366257974364-admin</user></loggedIn>'
[2025-05-07 20:56:49,547] - [INFO] - ECS client - b'<?xml version="1.0" encoding="UTF-8" standalone="yes"?><loggedIn><user>133889366257974364-admin</user></loggedIn>'
[2025-05-07 20:58:51,164] - [INFO] - ECS client - b'<?xml version="1.0" encoding="UTF-8" standalone="yes"?><loggedIn><user>133889366257974364-admin</user></loggedIn>'
[2025-05-07 20:58:51,763] - [INFO] - ECS client - b'<?xml version="1.0" encoding="UTF-8" standalone="yes"?><loggedIn><user>133889366257974364-admin</user></loggedIn>'
[2025-05-07 20:58:52,503] - [INFO] - ECS client - b'<?xml version="1.0" encoding="UTF-8" standalone="yes"?><loggedIn><user>133889366257974364-admin</user></loggedIn>'
[2025-05-07 20:58:53,370] - [INFO] - ECS client - b'<?xml version="1.0" encoding="UTF-8" standalone="yes"?><loggedIn><user>133889366257974364-admin</user></loggedIn>'
[2025-05-07 21:01:05,700] - [INFO] - ECS client - b'<?xml version="1.0" encoding="UTF-8" standalone="yes"?><loggedIn><user>133889366257974364-admin</user></loggedIn>'
[2025-05-07 21:01:06,427] - [INFO] - ECS client - b'<?xml version="1.0" encoding="UTF-8" standalone="yes"?><loggedIn><user>133889366257974364-admin</user></loggedIn>'
[2025-05-07 21:01:07,084] - [INFO] - ECS client - b'<?xml version="1.0" encoding="UTF-8" standalone="yes"?><loggedIn><user>133889366257974364-admin</user></loggedIn>'
[2025-05-07 21:01:08,583] - [INFO] - ECS client - b'<?xml version="1.0" encoding="UTF-8" standalone="yes"?><loggedIn><user>133889366257974364-admin</user></loggedIn>'
[2025-05-07 21:04:49,267] - [INFO] - ECS client - b'<?xml version="1.0" encoding="UTF-8" standalone="yes"?><loggedIn><user>133889366257974364-admin</user></loggedIn>'
[2025-05-07 21:04:49,834] - [INFO] - ECS client - b'<?xml version="1.0" encoding="UTF-8" standalone="yes"?><loggedIn><user>133889366257974364-admin</user></loggedIn>'
[2025-05-07 21:04:50,410] - [INFO] - ECS client - b'<?xml version="1.0" encoding="UTF-8" standalone="yes"?><loggedIn><user>133889366257974364-admin</user></loggedIn>'
[2025-05-07 21:04:51,408] - [INFO] - ECS client - b'<?xml version="1.0" encoding="UTF-8" standalone="yes"?><loggedIn><user>133889366257974364-admin</user></loggedIn>'
[2025-05-07 21:04:52,369] - [ERROR] - ECS client - GET bucket returned 404: <?xml version="1.0" encoding="UTF-8" standalone="yes"?><error><code>2000</code><description>Unable to find entity in request URL</description><details></details><retryable>false</retryable></error>
[2025-05-07 21:07:16,715] - [INFO] - ECS client - b'<?xml version="1.0" encoding="UTF-8" standalone="yes"?><loggedIn><user>133889366257974364-admin</user></loggedIn>'
[2025-05-07 21:07:17,307] - [INFO] - ECS client - b'<?xml version="1.0" encoding="UTF-8" standalone="yes"?><loggedIn><user>133889366257974364-admin</user></loggedIn>'
[2025-05-07 21:07:17,997] - [INFO] - ECS client - b'<?xml version="1.0" encoding="UTF-8" standalone="yes"?><loggedIn><user>133889366257974364-admin</user></loggedIn>'
[2025-05-07 21:07:19,100] - [INFO] - ECS client - b'<?xml version="1.0" encoding="UTF-8" standalone="yes"?><loggedIn><user>133889366257974364-admin</user></loggedIn>'
[2025-05-07 21:08:43,033] - [INFO] - ECS client - b'<?xml version="1.0" encoding="UTF-8" standalone="yes"?><loggedIn><user>133889366257974364-admin</user></loggedIn>'
[2025-05-07 21:08:43,648] - [INFO] - ECS client - b'<?xml version="1.0" encoding="UTF-8" standalone="yes"?><loggedIn><user>133889366257974364-admin</user></loggedIn>'
[2025-05-07 21:08:44,252] - [INFO] - ECS client - b'<?xml version="1.0" encoding="UTF-8" standalone="yes"?><loggedIn><user>133889366257974364-admin</user></loggedIn>'
[2025-05-07 21:08:45,364] - [INFO] - ECS client - b'<?xml version="1.0" encoding="UTF-8" standalone="yes"?><loggedIn><user>133889366257974364-admin</user></loggedIn>'
[2025-05-07 21:12:28,529] - [INFO] - ECS client - b'<?xml version="1.0" encoding="UTF-8" standalone="yes"?><loggedIn><user>133889366257974364-admin</user></loggedIn>'
[2025-05-07 21:12:29,145] - [INFO] - ECS client - b'<?xml version="1.0" encoding="UTF-8" standalone="yes"?><loggedIn><user>133889366257974364-admin</user></loggedIn>'
[2025-05-07 21:12:29,767] - [INFO] - ECS client - b'<?xml version="1.0" encoding="UTF-8" standalone="yes"?><loggedIn><user>133889366257974364-admin</user></loggedIn>'
[2025-05-07 21:12:31,192] - [INFO] - ECS client - b'<?xml version="1.0" encoding="UTF-8" standalone="yes"?><loggedIn><user>133889366257974364-admin</user></loggedIn>'
[2025-05-07 21:21:51,021] - [INFO] - ECS client - b'<?xml version="1.0" encoding="UTF-8" standalone="yes"?><loggedIn><user>133889366257974364-admin</user></loggedIn>'
[2025-05-07 21:21:51,800] - [INFO] - ECS client - b'<?xml version="1.0" encoding="UTF-8" standalone="yes"?><loggedIn><user>133889366257974364-admin</user></loggedIn>'
[2025-05-07 21:21:52,791] - [INFO] - ECS client - b'<?xml version="1.0" encoding="UTF-8" standalone="yes"?><loggedIn><user>133889366257974364-admin</user></loggedIn>'
[2025-05-07 21:22:34,480] - [INFO] - ECS client - b'<?xml version="1.0" encoding="UTF-8" standalone="yes"?><loggedIn><user>133889366257974364-admin</user></loggedIn>'
[2025-05-07 21:22:35,120] - [INFO] - ECS client - b'<?xml version="1.0" encoding="UTF-8" standalone="yes"?><loggedIn><user>133889366257974364-admin</user></loggedIn>'
[2025-05-07 21:22:36,035] - [INFO] - ECS client - b'<?xml version="1.0" encoding="UTF-8" standalone="yes"?><loggedIn><user>133889366257974364-admin</user></loggedIn>'
[2025-05-07 21:25:45,840] - [INFO] - ECS client - b'<?xml version="1.0" encoding="UTF-8" standalone="yes"?><loggedIn><user>133889366257974364-admin</user></loggedIn>'
[2025-05-07 21:25:46,600] - [INFO] - ECS client - b'<?xml version="1.0" encoding="UTF-8" standalone="yes"?><loggedIn><user>133889366257974364-admin</user></loggedIn>'
[2025-05-07 21:25:47,600] - [INFO] - ECS client - b'<?xml version="1.0" encoding="UTF-8" standalone="yes"?><loggedIn><user>133889366257974364-admin</user></loggedIn>'
[2025-05-07 21:29:25,284] - [INFO] - ECS client - b'<?xml version="1.0" encoding="UTF-8" standalone="yes"?><loggedIn><user>133889366257974364-admin</user></loggedIn>'
[2025-05-07 21:29:25,918] - [INFO] - ECS client - b'<?xml version="1.0" encoding="UTF-8" standalone="yes"?><loggedIn><user>133889366257974364-admin</user></loggedIn>'
[2025-05-07 21:29:26,928] - [INFO] - ECS client - b'<?xml version="1.0" encoding="UTF-8" standalone="yes"?><loggedIn><user>133889366257974364-admin</user></loggedIn>'
[2025-05-07 21:30:54,591] - [INFO] - ECS client - b'<?xml version="1.0" encoding="UTF-8" standalone="yes"?><loggedIn><user>133889366257974364-admin</user></loggedIn>'
[2025-05-07 21:30:55,263] - [INFO] - ECS client - b'<?xml version="1.0" encoding="UTF-8" standalone="yes"?><loggedIn><user>133889366257974364-admin</user></loggedIn>'
[2025-05-07 21:30:56,273] - [INFO] - ECS client - b'<?xml version="1.0" encoding="UTF-8" standalone="yes"?><loggedIn><user>133889366257974364-admin</user></loggedIn>'
[2025-05-07 21:35:36,429] - [INFO] - ECS client - b'<?xml version="1.0" encoding="UTF-8" standalone="yes"?><loggedIn><user>133889366257974364-admin</user></loggedIn>'
[2025-05-07 21:35:37,064] - [INFO] - ECS client - b'<?xml version="1.0" encoding="UTF-8" standalone="yes"?><loggedIn><user>133889366257974364-admin</user></loggedIn>'
[2025-05-07 21:35:38,179] - [INFO] - ECS client - b'<?xml version="1.0" encoding="UTF-8" standalone="yes"?><loggedIn><user>133889366257974364-admin</user></loggedIn>'
[2025-05-07 21:36:42,810] - [INFO] - ECS client - b'<?xml version="1.0" encoding="UTF-8" standalone="yes"?><loggedIn><user>133889366257974364-admin</user></loggedIn>'
[2025-05-07 21:36:43,406] - [INFO] - ECS client - b'<?xml version="1.0" encoding="UTF-8" standalone="yes"?><loggedIn><user>133889366257974364-admin</user></loggedIn>'
[2025-05-07 21:36:44,355] - [INFO] - ECS client - b'<?xml version="1.0" encoding="UTF-8" standalone="yes"?><loggedIn><user>133889366257974364-admin</user></loggedIn>'
[2025-05-07 21:40:34,404] - [INFO] - ECS client - b'<?xml version="1.0" encoding="UTF-8" standalone="yes"?><loggedIn><user>133889366257974364-admin</user></loggedIn>'
[2025-05-07 21:40:34,982] - [INFO] - ECS client - b'<?xml version="1.0" encoding="UTF-8" standalone="yes"?><loggedIn><user>133889366257974364-admin</user></loggedIn>'
[2025-05-07 21:40:35,948] - [INFO] - ECS client - b'<?xml version="1.0" encoding="UTF-8" standalone="yes"?><loggedIn><user>133889366257974364-admin</user></loggedIn>'
[2025-05-07 21:42:44,981] - [INFO] - ECS client - b'<?xml version="1.0" encoding="UTF-8" standalone="yes"?><loggedIn><user>133889366257974364-admin</user></loggedIn>'
[2025-05-07 21:42:45,596] - [INFO] - ECS client - b'<?xml version="1.0" encoding="UTF-8" standalone="yes"?><loggedIn><user>133889366257974364-admin</user></loggedIn>'
[2025-05-07 21:42:46,548] - [INFO] - ECS client - b'<?xml version="1.0" encoding="UTF-8" standalone="yes"?><loggedIn><user>133889366257974364-admin</user></loggedIn>'
[2025-05-07 21:47:33,770] - [INFO] - ECS client - b'<?xml version="1.0" encoding="UTF-8" standalone="yes"?><loggedIn><user>133889366257974364-admin</user></loggedIn>'
[2025-05-07 21:47:34,334] - [INFO] - ECS client - b'<?xml version="1.0" encoding="UTF-8" standalone="yes"?><loggedIn><user>133889366257974364-admin</user></loggedIn>'
[2025-05-07 21:47:35,250] - [INFO] - ECS client - b'<?xml version="1.0" encoding="UTF-8" standalone="yes"?><loggedIn><user>133889366257974364-admin</user></loggedIn>'
[2025-05-07 21:55:42,587] - [INFO] - ECS client - b'<?xml version="1.0" encoding="UTF-8" standalone="yes"?><loggedIn><user>133889366257974364-admin</user></loggedIn>'
[2025-05-07 21:55:43,320] - [INFO] - ECS client - b'<?xml version="1.0" encoding="UTF-8" standalone="yes"?><loggedIn><user>133889366257974364-admin</user></loggedIn>'
[2025-05-07 21:55:44,363] - [INFO] - ECS client - b'<?xml version="1.0" encoding="UTF-8" standalone="yes"?><loggedIn><user>133889366257974364-admin</user></loggedIn>'
[2025-05-07 21:58:51,389] - [INFO] - ECS client - b'<?xml version="1.0" encoding="UTF-8" standalone="yes"?><loggedIn><user>133889366257974364-admin</user></loggedIn>'
[2025-05-07 21:58:51,957] - [INFO] - ECS client - b'<?xml version="1.0" encoding="UTF-8" standalone="yes"?><loggedIn><user>133889366257974364-admin</user></loggedIn>'
[2025-05-07 21:58:52,959] - [INFO] - ECS client - b'<?xml version="1.0" encoding="UTF-8" standalone="yes"?><loggedIn><user>133889366257974364-admin</user></loggedIn>'
[2025-05-07 22:01:28,950] - [INFO] - ECS client - b'<?xml version="1.0" encoding="UTF-8" standalone="yes"?><loggedIn><user>133889366257974364-admin</user></loggedIn>'
[2025-05-07 22:01:29,746] - [INFO] - ECS client - b'<?xml version="1.0" encoding="UTF-8" standalone="yes"?><loggedIn><user>133889366257974364-admin</user></loggedIn>'
[2025-05-07 22:01:30,849] - [INFO] - ECS client - b'<?xml version="1.0" encoding="UTF-8" standalone="yes"?><loggedIn><user>133889366257974364-admin</user></loggedIn>'
[2025-05-07 22:04:27,509] - [INFO] - ECS client - b'<?xml version="1.0" encoding="UTF-8" standalone="yes"?><loggedIn><user>133889366257974364-admin</user></loggedIn>'
[2025-05-07 22:04:28,828] - [INFO] - ECS client - b'<?xml version="1.0" encoding="UTF-8" standalone="yes"?><loggedIn><user>133889366257974364-admin</user></loggedIn>'
[2025-05-07 22:04:30,172] - [INFO] - ECS client - b'<?xml version="1.0" encoding="UTF-8" standalone="yes"?><loggedIn><user>133889366257974364-admin</user></loggedIn>'
[2025-05-07 22:13:00,828] - [INFO] - ECS client - b'<?xml version="1.0" encoding="UTF-8" standalone="yes"?><loggedIn><user>133889366257974364-admin</user></loggedIn>'
[2025-05-07 22:13:01,521] - [INFO] - ECS client - b'<?xml version="1.0" encoding="UTF-8" standalone="yes"?><loggedIn><user>133889366257974364-admin</user></loggedIn>'
[2025-05-07 22:13:02,581] - [INFO] - ECS client - b'<?xml version="1.0" encoding="UTF-8" standalone="yes"?><loggedIn><user>133889366257974364-admin</user></loggedIn>'
